[debug] ----------------------------------------------------------------------
<<<<<<< HEAD
[debug] Command:      node /usr/local/bin/firebase serve
[debug] Platform:     darwin
[debug] Node Version: v0.12.7
[debug] Time:         Thu Dec 03 2015 12:36:50 GMT-0800 (PST)
=======
[debug] Command:      /usr/local/bin/node /usr/local/bin/firebase serve
[debug] Platform:     darwin
[debug] Node Version: v5.0.0
[debug] Time:         Thu Dec 03 2015 12:28:31 GMT-0600 (CST)
>>>>>>> e2ed9340020f8c704d08231b4afd784bf56d150d
[debug] ----------------------------------------------------------------------
[debug] 
[info] Listening at http://localhost:5000
[debug] ----------------------------------------------------------------------
[debug] Command:      /usr/local/bin/node /usr/local/bin/firebase serve
[debug] Platform:     darwin
[debug] Node Version: v5.0.0
[debug] Time:         Thu Dec 03 2015 15:46:49 GMT-0600 (CST)
[debug] ----------------------------------------------------------------------
[debug] 
[info] Listening at http://localhost:5000
